CRITICAL - 2022-12-03 22:47:23 --> Unknown "mix" function. Did you mean "max", "min"?
in APPPATH/Views/page1.html.twig on line 8.
 1 VENDORPATH/twig/twig/src/ExpressionParser.php(457): Twig\ExpressionParser->getFunctionNodeClass('mix', 8)
 2 VENDORPATH/twig/twig/src/ExpressionParser.php(235): Twig\ExpressionParser->getFunctionNode('mix', 8)
 3 VENDORPATH/twig/twig/src/ExpressionParser.php(175): Twig\ExpressionParser->parsePrimaryExpression()
 4 VENDORPATH/twig/twig/src/ExpressionParser.php(70): Twig\ExpressionParser->getPrimary()
 5 VENDORPATH/twig/twig/src/Parser.php(127): Twig\ExpressionParser->parseExpression()
 6 VENDORPATH/twig/twig/src/Parser.php(83): Twig\Parser->subparse(null, false)
 7 VENDORPATH/twig/twig/src/Environment.php(488): Twig\Parser->parse(Object(Twig\TokenStream))
 8 VENDORPATH/twig/twig/src/Environment.php(516): Twig\Environment->parse(Object(Twig\TokenStream))
 9 VENDORPATH/twig/twig/src/Environment.php(348): Twig\Environment->compileSource(Object(Twig\Source))
10 VENDORPATH/twig/twig/src/Environment.php(309): Twig\Environment->loadTemplate('__TwigTemplate_9d85fd85eecda39ea6c3d9ce2fe40830', 'page1.html.twig')
11 APPPATH/Controllers/Home.php(14): Twig\Environment->load('page1.html.twig')
12 SYSTEMPATH/CodeIgniter.php(927): App\Controllers\Home->page1()
13 SYSTEMPATH/CodeIgniter.php(482): CodeIgniter\CodeIgniter->runController(Object(App\Controllers\Home))
14 SYSTEMPATH/CodeIgniter.php(351): CodeIgniter\CodeIgniter->handleRequest(null, Object(Config\Cache), false)
15 FCPATH/index.php(67): CodeIgniter\CodeIgniter->run()
16 SYSTEMPATH/Commands/Server/rewrite.php(46): require_once('FCPATH/index.php')
CRITICAL - 2022-12-03 23:04:21 --> Undefined constant "App\Controllers\mix"
in APPPATH/Controllers/BaseController.php on line 57.
 1 SYSTEMPATH/CodeIgniter.php(890): App\Controllers\BaseController->initController(Object(CodeIgniter\HTTP\IncomingRequest), Object(CodeIgniter\HTTP\Response), Object(CodeIgniter\Log\Logger))
 2 SYSTEMPATH/CodeIgniter.php(473): CodeIgniter\CodeIgniter->createController()
 3 SYSTEMPATH/CodeIgniter.php(351): CodeIgniter\CodeIgniter->handleRequest(null, Object(Config\Cache), false)
 4 FCPATH/index.php(67): CodeIgniter\CodeIgniter->run()
 5 SYSTEMPATH/Commands/Server/rewrite.php(46): require_once('FCPATH/index.php')
CRITICAL - 2022-12-03 23:48:17 --> include(../Helpers/mix_helper.php): Failed to open stream: No such file or directory
in APPPATH/Controllers/BaseController.php on line 4.
 1 APPPATH/Controllers/BaseController.php(4): CodeIgniter\Debug\Exceptions->errorHandler(2, 'include(../Helpers/mix_helper.php): Failed to open stream: No such file or directory', 'APPPATH/Controllers/BaseController.php', 4)
 2 APPPATH/Controllers/BaseController.php(4): include()
 3 SYSTEMPATH/Autoloader/Autoloader.php(282): include_once('APPPATH/Controllers/BaseController.php')
 4 SYSTEMPATH/Autoloader/Autoloader.php(259): CodeIgniter\Autoloader\Autoloader->includeFile('APPPATH/Controllers/BaseController.php')
 5 SYSTEMPATH/Autoloader/Autoloader.php(237): CodeIgniter\Autoloader\Autoloader->loadInNamespace('App\\Controllers\\BaseController')
 6 APPPATH/Controllers/Home.php(5): CodeIgniter\Autoloader\Autoloader->loadClass('App\\Controllers\\BaseController')
 7 SYSTEMPATH/Autoloader/Autoloader.php(282): include_once('APPPATH/Controllers/Home.php')
 8 SYSTEMPATH/Autoloader/Autoloader.php(259): CodeIgniter\Autoloader\Autoloader->includeFile('APPPATH/Controllers/Home.php')
 9 SYSTEMPATH/Autoloader/Autoloader.php(237): CodeIgniter\Autoloader\Autoloader->loadInNamespace('App\\Controllers\\Home')
10 [internal function]: CodeIgniter\Autoloader\Autoloader->loadClass('App\\Controllers\\Home')
11 SYSTEMPATH/CodeIgniter.php(877): class_exists('\\App\\Controllers\\Home', true)
12 SYSTEMPATH/CodeIgniter.php(469): CodeIgniter\CodeIgniter->startController()
13 SYSTEMPATH/CodeIgniter.php(351): CodeIgniter\CodeIgniter->handleRequest(null, Object(Config\Cache), false)
14 FCPATH/index.php(67): CodeIgniter\CodeIgniter->run()
15 SYSTEMPATH/Commands/Server/rewrite.php(46): require_once('FCPATH/index.php')
CRITICAL - 2022-12-03 23:48:19 --> include(../Helpers/mix_helper.php): Failed to open stream: No such file or directory
in APPPATH/Controllers/BaseController.php on line 4.
 1 APPPATH/Controllers/BaseController.php(4): CodeIgniter\Debug\Exceptions->errorHandler(2, 'include(../Helpers/mix_helper.php): Failed to open stream: No such file or directory', 'APPPATH/Controllers/BaseController.php', 4)
 2 APPPATH/Controllers/BaseController.php(4): include()
 3 SYSTEMPATH/Autoloader/Autoloader.php(282): include_once('APPPATH/Controllers/BaseController.php')
 4 SYSTEMPATH/Autoloader/Autoloader.php(259): CodeIgniter\Autoloader\Autoloader->includeFile('APPPATH/Controllers/BaseController.php')
 5 SYSTEMPATH/Autoloader/Autoloader.php(237): CodeIgniter\Autoloader\Autoloader->loadInNamespace('App\\Controllers\\BaseController')
 6 APPPATH/Controllers/Home.php(5): CodeIgniter\Autoloader\Autoloader->loadClass('App\\Controllers\\BaseController')
 7 SYSTEMPATH/Autoloader/Autoloader.php(282): include_once('APPPATH/Controllers/Home.php')
 8 SYSTEMPATH/Autoloader/Autoloader.php(259): CodeIgniter\Autoloader\Autoloader->includeFile('APPPATH/Controllers/Home.php')
 9 SYSTEMPATH/Autoloader/Autoloader.php(237): CodeIgniter\Autoloader\Autoloader->loadInNamespace('App\\Controllers\\Home')
10 [internal function]: CodeIgniter\Autoloader\Autoloader->loadClass('App\\Controllers\\Home')
11 SYSTEMPATH/CodeIgniter.php(877): class_exists('\\App\\Controllers\\Home', true)
12 SYSTEMPATH/CodeIgniter.php(469): CodeIgniter\CodeIgniter->startController()
13 SYSTEMPATH/CodeIgniter.php(351): CodeIgniter\CodeIgniter->handleRequest(null, Object(Config\Cache), false)
14 FCPATH/index.php(67): CodeIgniter\CodeIgniter->run()
15 SYSTEMPATH/Commands/Server/rewrite.php(46): require_once('FCPATH/index.php')
