CRITICAL - 2022-12-04 01:04:06 --> Attempt to read property "mix" on array
in APPPATH/Controllers/BaseController.php on line 56.
 1 APPPATH/Controllers/BaseController.php(56): CodeIgniter\Debug\Exceptions->errorHandler(2, 'Attempt to read property "mix" on array', 'APPPATH/Controllers/BaseController.php', 56)
 2 SYSTEMPATH/CodeIgniter.php(890): App\Controllers\BaseController->initController(Object(CodeIgniter\HTTP\IncomingRequest), Object(CodeIgniter\HTTP\Response), Object(CodeIgniter\Log\Logger))
 3 SYSTEMPATH/CodeIgniter.php(473): CodeIgniter\CodeIgniter->createController()
 4 SYSTEMPATH/CodeIgniter.php(351): CodeIgniter\CodeIgniter->handleRequest(null, Object(Config\Cache), false)
 5 FCPATH/index.php(67): CodeIgniter\CodeIgniter->run()
 6 SYSTEMPATH/Commands/Server/rewrite.php(46): require_once('FCPATH/index.php')
CRITICAL - 2022-12-04 01:04:07 --> Attempt to read property "mix" on array
in APPPATH/Controllers/BaseController.php on line 56.
 1 APPPATH/Controllers/BaseController.php(56): CodeIgniter\Debug\Exceptions->errorHandler(2, 'Attempt to read property "mix" on array', 'APPPATH/Controllers/BaseController.php', 56)
 2 SYSTEMPATH/CodeIgniter.php(890): App\Controllers\BaseController->initController(Object(CodeIgniter\HTTP\IncomingRequest), Object(CodeIgniter\HTTP\Response), Object(CodeIgniter\Log\Logger))
 3 SYSTEMPATH/CodeIgniter.php(473): CodeIgniter\CodeIgniter->createController()
 4 SYSTEMPATH/CodeIgniter.php(351): CodeIgniter\CodeIgniter->handleRequest(null, Object(Config\Cache), false)
 5 FCPATH/index.php(67): CodeIgniter\CodeIgniter->run()
 6 SYSTEMPATH/Commands/Server/rewrite.php(46): require_once('FCPATH/index.php')
CRITICAL - 2022-12-04 01:12:27 --> An exception has been thrown during the compilation of a template ("Callback for function "mix" is not callable in the current scope.") in "page1.html.twig".
in VENDORPATH/twig/twig/src/Environment.php on line 521.
 1 VENDORPATH/twig/twig/src/Environment.php(348): Twig\Environment->compileSource(Object(Twig\Source))
 2 VENDORPATH/twig/twig/src/Environment.php(309): Twig\Environment->loadTemplate('__TwigTemplate_9d85fd85eecda39ea6c3d9ce2fe40830', 'page1.html.twig')
 3 APPPATH/Controllers/Home.php(14): Twig\Environment->load('page1.html.twig')
 4 SYSTEMPATH/CodeIgniter.php(927): App\Controllers\Home->page1()
 5 SYSTEMPATH/CodeIgniter.php(482): CodeIgniter\CodeIgniter->runController(Object(App\Controllers\Home))
 6 SYSTEMPATH/CodeIgniter.php(351): CodeIgniter\CodeIgniter->handleRequest(null, Object(Config\Cache), false)
 7 FCPATH/index.php(67): CodeIgniter\CodeIgniter->run()
 8 SYSTEMPATH/Commands/Server/rewrite.php(46): require_once('FCPATH/index.php')
ALERT - 2022-12-04 01:17:04 --> /css/page1.js
ALERT - 2022-12-04 01:17:04 --> /css/page1.css
ALERT - 2022-12-04 01:17:40 --> /css/page1.js
ALERT - 2022-12-04 01:17:40 --> /css/page1.css
ALERT - 2022-12-04 01:18:06 --> /css/page1.js
ALERT - 2022-12-04 01:18:06 --> /css/page1.css
ALERT - 2022-12-04 01:18:28 --> /css/page1.js
CRITICAL - 2022-12-04 01:18:28 --> Value of type null is not callable
in APPPATH/Controllers/BaseController.php on line 60.
 1 ROOTPATH/writable/cache/twig/c7/c76e5368919a8ce7867da4afd7ffc4c3.php(46): App\Controllers\BaseController->App\Controllers\{closure}('/css/page1.js')
 2 VENDORPATH/twig/twig/src/Template.php(394): __TwigTemplate_9d85fd85eecda39ea6c3d9ce2fe40830->doDisplay([], [])
 3 VENDORPATH/twig/twig/src/Template.php(367): Twig\Template->displayWithErrorHandling([], [])
 4 VENDORPATH/twig/twig/src/Template.php(379): Twig\Template->display([])
 5 VENDORPATH/twig/twig/src/TemplateWrapper.php(40): Twig\Template->render([], [])
 6 APPPATH/Controllers/Home.php(16): Twig\TemplateWrapper->render()
 7 SYSTEMPATH/CodeIgniter.php(927): App\Controllers\Home->page1()
 8 SYSTEMPATH/CodeIgniter.php(482): CodeIgniter\CodeIgniter->runController(Object(App\Controllers\Home))
 9 SYSTEMPATH/CodeIgniter.php(351): CodeIgniter\CodeIgniter->handleRequest(null, Object(Config\Cache), false)
10 FCPATH/index.php(67): CodeIgniter\CodeIgniter->run()
11 SYSTEMPATH/Commands/Server/rewrite.php(46): require_once('FCPATH/index.php')
ALERT - 2022-12-04 01:19:38 --> /css/page1.js
CRITICAL - 2022-12-04 01:19:38 --> An exception has been thrown during the rendering of a template ("Unable to locate Mix file: /css/page1.js.").
in APPPATH/Views/page1.html.twig on line 8.
 1 VENDORPATH/twig/twig/src/Template.php(367): Twig\Template->displayWithErrorHandling([], [])
 2 VENDORPATH/twig/twig/src/Template.php(379): Twig\Template->display([])
 3 VENDORPATH/twig/twig/src/TemplateWrapper.php(40): Twig\Template->render([], [])
 4 APPPATH/Controllers/Home.php(16): Twig\TemplateWrapper->render()
 5 SYSTEMPATH/CodeIgniter.php(927): App\Controllers\Home->page1()
 6 SYSTEMPATH/CodeIgniter.php(482): CodeIgniter\CodeIgniter->runController(Object(App\Controllers\Home))
 7 SYSTEMPATH/CodeIgniter.php(351): CodeIgniter\CodeIgniter->handleRequest(null, Object(Config\Cache), false)
 8 FCPATH/index.php(67): CodeIgniter\CodeIgniter->run()
 9 SYSTEMPATH/Commands/Server/rewrite.php(46): require_once('FCPATH/index.php')
ALERT - 2022-12-04 01:21:02 --> /css/page1.js
CRITICAL - 2022-12-04 01:21:02 --> An exception has been thrown during the rendering of a template ("Unable to locate Mix file: /css/page1.js.").
in APPPATH/Views/page1.html.twig on line 8.
 1 VENDORPATH/twig/twig/src/Template.php(367): Twig\Template->displayWithErrorHandling([], [])
 2 VENDORPATH/twig/twig/src/Template.php(379): Twig\Template->display([])
 3 VENDORPATH/twig/twig/src/TemplateWrapper.php(40): Twig\Template->render([], [])
 4 APPPATH/Controllers/Home.php(16): Twig\TemplateWrapper->render()
 5 SYSTEMPATH/CodeIgniter.php(927): App\Controllers\Home->page1()
 6 SYSTEMPATH/CodeIgniter.php(482): CodeIgniter\CodeIgniter->runController(Object(App\Controllers\Home))
 7 SYSTEMPATH/CodeIgniter.php(351): CodeIgniter\CodeIgniter->handleRequest(null, Object(Config\Cache), false)
 8 FCPATH/index.php(67): CodeIgniter\CodeIgniter->run()
 9 SYSTEMPATH/Commands/Server/rewrite.php(46): require_once('FCPATH/index.php')
ALERT - 2022-12-04 01:21:23 --> /css/page1.js
CRITICAL - 2022-12-04 01:21:23 --> An exception has been thrown during the rendering of a template ("Unable to locate Mix file: /css/page1.js.").
in APPPATH/Views/page1.html.twig on line 8.
 1 VENDORPATH/twig/twig/src/Template.php(367): Twig\Template->displayWithErrorHandling([], [])
 2 VENDORPATH/twig/twig/src/Template.php(379): Twig\Template->display([])
 3 VENDORPATH/twig/twig/src/TemplateWrapper.php(40): Twig\Template->render([], [])
 4 APPPATH/Controllers/Home.php(16): Twig\TemplateWrapper->render()
 5 SYSTEMPATH/CodeIgniter.php(927): App\Controllers\Home->page1()
 6 SYSTEMPATH/CodeIgniter.php(482): CodeIgniter\CodeIgniter->runController(Object(App\Controllers\Home))
 7 SYSTEMPATH/CodeIgniter.php(351): CodeIgniter\CodeIgniter->handleRequest(null, Object(Config\Cache), false)
 8 FCPATH/index.php(67): CodeIgniter\CodeIgniter->run()
 9 SYSTEMPATH/Commands/Server/rewrite.php(46): require_once('FCPATH/index.php')
CRITICAL - 2022-12-04 01:21:44 --> syntax error, unexpected integer "23", expecting ")"
in APPPATH/Controllers/BaseController.php on line 61.
 1 SYSTEMPATH/Autoloader/Autoloader.php(259): CodeIgniter\Autoloader\Autoloader->includeFile('APPPATH/Controllers/BaseController.php')
 2 SYSTEMPATH/Autoloader/Autoloader.php(237): CodeIgniter\Autoloader\Autoloader->loadInNamespace('App\\Controllers\\BaseController')
 3 APPPATH/Controllers/Home.php(5): CodeIgniter\Autoloader\Autoloader->loadClass('App\\Controllers\\BaseController')
 4 SYSTEMPATH/Autoloader/Autoloader.php(282): include_once('APPPATH/Controllers/Home.php')
 5 SYSTEMPATH/Autoloader/Autoloader.php(259): CodeIgniter\Autoloader\Autoloader->includeFile('APPPATH/Controllers/Home.php')
 6 SYSTEMPATH/Autoloader/Autoloader.php(237): CodeIgniter\Autoloader\Autoloader->loadInNamespace('App\\Controllers\\Home')
 7 [internal function]: CodeIgniter\Autoloader\Autoloader->loadClass('App\\Controllers\\Home')
 8 SYSTEMPATH/CodeIgniter.php(877): class_exists('\\App\\Controllers\\Home', true)
 9 SYSTEMPATH/CodeIgniter.php(469): CodeIgniter\CodeIgniter->startController()
10 SYSTEMPATH/CodeIgniter.php(351): CodeIgniter\CodeIgniter->handleRequest(null, Object(Config\Cache), false)
11 FCPATH/index.php(67): CodeIgniter\CodeIgniter->run()
12 SYSTEMPATH/Commands/Server/rewrite.php(46): require_once('FCPATH/index.php')
ALERT - 2022-12-04 01:21:58 --> /css/page1.js
ALERT - 2022-12-04 01:21:58 --> IOP 23
CRITICAL - 2022-12-04 01:21:58 --> An exception has been thrown during the rendering of a template ("Unable to locate Mix file: /css/page1.js.").
in APPPATH/Views/page1.html.twig on line 8.
 1 VENDORPATH/twig/twig/src/Template.php(367): Twig\Template->displayWithErrorHandling([], [])
 2 VENDORPATH/twig/twig/src/Template.php(379): Twig\Template->display([])
 3 VENDORPATH/twig/twig/src/TemplateWrapper.php(40): Twig\Template->render([], [])
 4 APPPATH/Controllers/Home.php(16): Twig\TemplateWrapper->render()
 5 SYSTEMPATH/CodeIgniter.php(927): App\Controllers\Home->page1()
 6 SYSTEMPATH/CodeIgniter.php(482): CodeIgniter\CodeIgniter->runController(Object(App\Controllers\Home))
 7 SYSTEMPATH/CodeIgniter.php(351): CodeIgniter\CodeIgniter->handleRequest(null, Object(Config\Cache), false)
 8 FCPATH/index.php(67): CodeIgniter\CodeIgniter->run()
 9 SYSTEMPATH/Commands/Server/rewrite.php(46): require_once('FCPATH/index.php')
ALERT - 2022-12-04 01:24:02 --> /css/page1.js
ALERT - 2022-12-04 01:24:02 --> IOP 23
CRITICAL - 2022-12-04 01:24:02 --> An exception has been thrown during the rendering of a template ("Unable to locate Mix file: /css/page1.js.").
in APPPATH/Views/page1.html.twig on line 8.
 1 VENDORPATH/twig/twig/src/Template.php(367): Twig\Template->displayWithErrorHandling([], [])
 2 VENDORPATH/twig/twig/src/Template.php(379): Twig\Template->display([])
 3 VENDORPATH/twig/twig/src/TemplateWrapper.php(40): Twig\Template->render([], [])
 4 APPPATH/Controllers/Home.php(16): Twig\TemplateWrapper->render()
 5 SYSTEMPATH/CodeIgniter.php(927): App\Controllers\Home->page1()
 6 SYSTEMPATH/CodeIgniter.php(482): CodeIgniter\CodeIgniter->runController(Object(App\Controllers\Home))
 7 SYSTEMPATH/CodeIgniter.php(351): CodeIgniter\CodeIgniter->handleRequest(null, Object(Config\Cache), false)
 8 FCPATH/index.php(67): CodeIgniter\CodeIgniter->run()
 9 SYSTEMPATH/Commands/Server/rewrite.php(46): require_once('FCPATH/index.php')
ALERT - 2022-12-04 01:25:07 --> /css/page1.js
ALERT - 2022-12-04 01:25:07 --> IOP 23
CRITICAL - 2022-12-04 01:25:07 --> An exception has been thrown during the rendering of a template ("Unable to locate Mix file: /css/page1.js.").
in APPPATH/Views/page1.html.twig on line 8.
 1 VENDORPATH/twig/twig/src/Template.php(367): Twig\Template->displayWithErrorHandling([], [])
 2 VENDORPATH/twig/twig/src/Template.php(379): Twig\Template->display([])
 3 VENDORPATH/twig/twig/src/TemplateWrapper.php(40): Twig\Template->render([], [])
 4 APPPATH/Controllers/Home.php(16): Twig\TemplateWrapper->render()
 5 SYSTEMPATH/CodeIgniter.php(927): App\Controllers\Home->page1()
 6 SYSTEMPATH/CodeIgniter.php(482): CodeIgniter\CodeIgniter->runController(Object(App\Controllers\Home))
 7 SYSTEMPATH/CodeIgniter.php(351): CodeIgniter\CodeIgniter->handleRequest(null, Object(Config\Cache), false)
 8 FCPATH/index.php(67): CodeIgniter\CodeIgniter->run()
 9 SYSTEMPATH/Commands/Server/rewrite.php(46): require_once('FCPATH/index.php')
ALERT - 2022-12-04 01:39:25 --> /css/page1.js
ALERT - 2022-12-04 01:39:25 --> IOP 23
CRITICAL - 2022-12-04 01:39:25 --> An exception has been thrown during the rendering of a template ("Unable to locate Mix file: /css/page1.js.").
in APPPATH/Views/page1.html.twig on line 8.
 1 VENDORPATH/twig/twig/src/Template.php(367): Twig\Template->displayWithErrorHandling([], [])
 2 VENDORPATH/twig/twig/src/Template.php(379): Twig\Template->display([])
 3 VENDORPATH/twig/twig/src/TemplateWrapper.php(40): Twig\Template->render([], [])
 4 APPPATH/Controllers/Home.php(16): Twig\TemplateWrapper->render()
 5 SYSTEMPATH/CodeIgniter.php(927): App\Controllers\Home->page1()
 6 SYSTEMPATH/CodeIgniter.php(482): CodeIgniter\CodeIgniter->runController(Object(App\Controllers\Home))
 7 SYSTEMPATH/CodeIgniter.php(351): CodeIgniter\CodeIgniter->handleRequest(null, Object(Config\Cache), false)
 8 FCPATH/index.php(67): CodeIgniter\CodeIgniter->run()
 9 SYSTEMPATH/Commands/Server/rewrite.php(46): require_once('FCPATH/index.php')
CRITICAL - 2022-12-04 01:42:24 --> An exception has been thrown during the rendering of a template ("Unable to locate Mix file: /css/page1.js.").
in APPPATH/Views/page1.html.twig on line 8.
 1 VENDORPATH/twig/twig/src/Template.php(367): Twig\Template->displayWithErrorHandling([], [])
 2 VENDORPATH/twig/twig/src/Template.php(379): Twig\Template->display([])
 3 VENDORPATH/twig/twig/src/TemplateWrapper.php(40): Twig\Template->render([], [])
 4 APPPATH/Controllers/Home.php(16): Twig\TemplateWrapper->render()
 5 SYSTEMPATH/CodeIgniter.php(927): App\Controllers\Home->page1()
 6 SYSTEMPATH/CodeIgniter.php(482): CodeIgniter\CodeIgniter->runController(Object(App\Controllers\Home))
 7 SYSTEMPATH/CodeIgniter.php(351): CodeIgniter\CodeIgniter->handleRequest(null, Object(Config\Cache), false)
 8 FCPATH/index.php(67): CodeIgniter\CodeIgniter->run()
 9 SYSTEMPATH/Commands/Server/rewrite.php(46): require_once('FCPATH/index.php')
CRITICAL - 2022-12-04 01:45:48 --> An exception has been thrown during the rendering of a template ("Unable to locate Mix file: /css/page1.js.").
in APPPATH/Views/page1.html.twig on line 8.
 1 VENDORPATH/twig/twig/src/Template.php(367): Twig\Template->displayWithErrorHandling([], [])
 2 VENDORPATH/twig/twig/src/Template.php(379): Twig\Template->display([])
 3 VENDORPATH/twig/twig/src/TemplateWrapper.php(40): Twig\Template->render([], [])
 4 APPPATH/Controllers/Home.php(16): Twig\TemplateWrapper->render()
 5 SYSTEMPATH/CodeIgniter.php(927): App\Controllers\Home->page1()
 6 SYSTEMPATH/CodeIgniter.php(482): CodeIgniter\CodeIgniter->runController(Object(App\Controllers\Home))
 7 SYSTEMPATH/CodeIgniter.php(351): CodeIgniter\CodeIgniter->handleRequest(null, Object(Config\Cache), false)
 8 FCPATH/index.php(67): CodeIgniter\CodeIgniter->run()
 9 SYSTEMPATH/Commands/Server/rewrite.php(46): require_once('FCPATH/index.php')
CRITICAL - 2022-12-04 01:53:26 --> An exception has been thrown during the rendering of a template ("Unable to locate Mix file: /css/page1.js.").
in APPPATH/Views/page1.html.twig on line 8.
 1 VENDORPATH/twig/twig/src/Template.php(367): Twig\Template->displayWithErrorHandling([], [])
 2 VENDORPATH/twig/twig/src/Template.php(379): Twig\Template->display([])
 3 VENDORPATH/twig/twig/src/TemplateWrapper.php(40): Twig\Template->render([], [])
 4 APPPATH/Controllers/Home.php(16): Twig\TemplateWrapper->render()
 5 SYSTEMPATH/CodeIgniter.php(927): App\Controllers\Home->page1()
 6 SYSTEMPATH/CodeIgniter.php(482): CodeIgniter\CodeIgniter->runController(Object(App\Controllers\Home))
 7 SYSTEMPATH/CodeIgniter.php(351): CodeIgniter\CodeIgniter->handleRequest(null, Object(Config\Cache), false)
 8 FCPATH/index.php(67): CodeIgniter\CodeIgniter->run()
 9 SYSTEMPATH/Commands/Server/rewrite.php(46): require_once('FCPATH/index.php')
CRITICAL - 2022-12-04 01:54:38 --> An exception has been thrown during the rendering of a template ("Unable to locate Mix file: /app/Assets/css/page1.js.").
in APPPATH/Views/page1.html.twig on line 8.
 1 VENDORPATH/twig/twig/src/Template.php(367): Twig\Template->displayWithErrorHandling([], [])
 2 VENDORPATH/twig/twig/src/Template.php(379): Twig\Template->display([])
 3 VENDORPATH/twig/twig/src/TemplateWrapper.php(40): Twig\Template->render([], [])
 4 APPPATH/Controllers/Home.php(16): Twig\TemplateWrapper->render()
 5 SYSTEMPATH/CodeIgniter.php(927): App\Controllers\Home->page1()
 6 SYSTEMPATH/CodeIgniter.php(482): CodeIgniter\CodeIgniter->runController(Object(App\Controllers\Home))
 7 SYSTEMPATH/CodeIgniter.php(351): CodeIgniter\CodeIgniter->handleRequest(null, Object(Config\Cache), false)
 8 FCPATH/index.php(67): CodeIgniter\CodeIgniter->run()
 9 SYSTEMPATH/Commands/Server/rewrite.php(46): require_once('FCPATH/index.php')
CRITICAL - 2022-12-04 01:56:48 --> An exception has been thrown during the rendering of a template ("Unable to locate Mix file: /app/Assets/css/page1.js.").
in APPPATH/Views/page1.html.twig on line 8.
 1 VENDORPATH/twig/twig/src/Template.php(367): Twig\Template->displayWithErrorHandling([], [])
 2 VENDORPATH/twig/twig/src/Template.php(379): Twig\Template->display([])
 3 VENDORPATH/twig/twig/src/TemplateWrapper.php(40): Twig\Template->render([], [])
 4 APPPATH/Controllers/Home.php(16): Twig\TemplateWrapper->render()
 5 SYSTEMPATH/CodeIgniter.php(927): App\Controllers\Home->page1()
 6 SYSTEMPATH/CodeIgniter.php(482): CodeIgniter\CodeIgniter->runController(Object(App\Controllers\Home))
 7 SYSTEMPATH/CodeIgniter.php(351): CodeIgniter\CodeIgniter->handleRequest(null, Object(Config\Cache), false)
 8 FCPATH/index.php(67): CodeIgniter\CodeIgniter->run()
 9 SYSTEMPATH/Commands/Server/rewrite.php(46): require_once('FCPATH/index.php')
CRITICAL - 2022-12-04 02:07:36 --> An exception has been thrown during the rendering of a template ("Unable to locate Mix file: /css/page1.js.").
in APPPATH/Views/page1.html.twig on line 8.
 1 VENDORPATH/twig/twig/src/Template.php(367): Twig\Template->displayWithErrorHandling([], [])
 2 VENDORPATH/twig/twig/src/Template.php(379): Twig\Template->display([])
 3 VENDORPATH/twig/twig/src/TemplateWrapper.php(40): Twig\Template->render([], [])
 4 APPPATH/Controllers/Home.php(16): Twig\TemplateWrapper->render()
 5 SYSTEMPATH/CodeIgniter.php(927): App\Controllers\Home->page1()
 6 SYSTEMPATH/CodeIgniter.php(482): CodeIgniter\CodeIgniter->runController(Object(App\Controllers\Home))
 7 SYSTEMPATH/CodeIgniter.php(351): CodeIgniter\CodeIgniter->handleRequest(null, Object(Config\Cache), false)
 8 FCPATH/index.php(67): CodeIgniter\CodeIgniter->run()
 9 SYSTEMPATH/Commands/Server/rewrite.php(46): require_once('FCPATH/index.php')
