CRITICAL - 2022-12-02 02:07:41 --> Undefined property: App\Controllers\Home::$twig
in APPPATH/Controllers/Home.php on line 14.
 1 APPPATH/Controllers/Home.php(14): CodeIgniter\Debug\Exceptions->errorHandler(2, 'Undefined property: App\\Controllers\\Home::$twig', 'APPPATH/Controllers/Home.php', 14)
 2 SYSTEMPATH/CodeIgniter.php(927): App\Controllers\Home->demo()
 3 SYSTEMPATH/CodeIgniter.php(482): CodeIgniter\CodeIgniter->runController(Object(App\Controllers\Home))
 4 SYSTEMPATH/CodeIgniter.php(351): CodeIgniter\CodeIgniter->handleRequest(null, Object(Config\Cache), false)
 5 FCPATH/index.php(67): CodeIgniter\CodeIgniter->run()
 6 SYSTEMPATH/Commands/Server/rewrite.php(46): require_once('FCPATH/index.php')
CRITICAL - 2022-12-02 02:09:03 --> Undefined property: App\Controllers\Home::$twig
in APPPATH/Controllers/Home.php on line 14.
 1 APPPATH/Controllers/Home.php(14): CodeIgniter\Debug\Exceptions->errorHandler(2, 'Undefined property: App\\Controllers\\Home::$twig', 'APPPATH/Controllers/Home.php', 14)
 2 SYSTEMPATH/CodeIgniter.php(927): App\Controllers\Home->demo()
 3 SYSTEMPATH/CodeIgniter.php(482): CodeIgniter\CodeIgniter->runController(Object(App\Controllers\Home))
 4 SYSTEMPATH/CodeIgniter.php(351): CodeIgniter\CodeIgniter->handleRequest(null, Object(Config\Cache), false)
 5 FCPATH/index.php(67): CodeIgniter\CodeIgniter->run()
 6 SYSTEMPATH/Commands/Server/rewrite.php(46): require_once('FCPATH/index.php')
CRITICAL - 2022-12-02 02:14:47 --> Invalid file: welcome_mes sage.php
in SYSTEMPATH/Exceptions/FrameworkException.php on line 33.
 1 SYSTEMPATH/View/View.php(201): CodeIgniter\Exceptions\FrameworkException::forInvalidFile('welcome_mes sage.php')
 2 SYSTEMPATH/Common.php(1134): CodeIgniter\View\View->render('welcome_mes sage', [], true)
 3 APPPATH/Controllers/Home.php(9): view('welcome_mes sage')
 4 SYSTEMPATH/CodeIgniter.php(927): App\Controllers\Home->index()
 5 SYSTEMPATH/CodeIgniter.php(482): CodeIgniter\CodeIgniter->runController(Object(App\Controllers\Home))
 6 SYSTEMPATH/CodeIgniter.php(351): CodeIgniter\CodeIgniter->handleRequest(null, Object(Config\Cache), false)
 7 FCPATH/index.php(67): CodeIgniter\CodeIgniter->run()
 8 SYSTEMPATH/Commands/Server/rewrite.php(46): require_once('FCPATH/index.php')
CRITICAL - 2022-12-02 02:16:25 --> syntax error, unexpected token "public", expecting end of file
in APPPATH/Controllers/Home.php on line 13.
 1 SYSTEMPATH/Autoloader/Autoloader.php(259): CodeIgniter\Autoloader\Autoloader->includeFile('APPPATH/Controllers/Home.php')
 2 SYSTEMPATH/Autoloader/Autoloader.php(237): CodeIgniter\Autoloader\Autoloader->loadInNamespace('App\\Controllers\\Home')
 3 [internal function]: CodeIgniter\Autoloader\Autoloader->loadClass('App\\Controllers\\Home')
 4 SYSTEMPATH/CodeIgniter.php(877): class_exists('\\App\\Controllers\\Home', true)
 5 SYSTEMPATH/CodeIgniter.php(469): CodeIgniter\CodeIgniter->startController()
 6 SYSTEMPATH/CodeIgniter.php(351): CodeIgniter\CodeIgniter->handleRequest(null, Object(Config\Cache), false)
 7 FCPATH/index.php(67): CodeIgniter\CodeIgniter->run()
 8 SYSTEMPATH/Commands/Server/rewrite.php(46): require_once('FCPATH/index.php')
CRITICAL - 2022-12-02 02:16:28 --> syntax error, unexpected token "public", expecting end of file
in APPPATH/Controllers/Home.php on line 13.
 1 SYSTEMPATH/Autoloader/Autoloader.php(259): CodeIgniter\Autoloader\Autoloader->includeFile('APPPATH/Controllers/Home.php')
 2 SYSTEMPATH/Autoloader/Autoloader.php(237): CodeIgniter\Autoloader\Autoloader->loadInNamespace('App\\Controllers\\Home')
 3 [internal function]: CodeIgniter\Autoloader\Autoloader->loadClass('App\\Controllers\\Home')
 4 SYSTEMPATH/CodeIgniter.php(877): class_exists('\\App\\Controllers\\Home', true)
 5 SYSTEMPATH/CodeIgniter.php(469): CodeIgniter\CodeIgniter->startController()
 6 SYSTEMPATH/CodeIgniter.php(351): CodeIgniter\CodeIgniter->handleRequest(null, Object(Config\Cache), false)
 7 FCPATH/index.php(67): CodeIgniter\CodeIgniter->run()
 8 SYSTEMPATH/Commands/Server/rewrite.php(46): require_once('FCPATH/index.php')
CRITICAL - 2022-12-02 02:17:20 --> syntax error, unexpected token "public", expecting end of file
in APPPATH/Controllers/Home.php on line 13.
 1 SYSTEMPATH/Autoloader/Autoloader.php(259): CodeIgniter\Autoloader\Autoloader->includeFile('APPPATH/Controllers/Home.php')
 2 SYSTEMPATH/Autoloader/Autoloader.php(237): CodeIgniter\Autoloader\Autoloader->loadInNamespace('App\\Controllers\\Home')
 3 [internal function]: CodeIgniter\Autoloader\Autoloader->loadClass('App\\Controllers\\Home')
 4 SYSTEMPATH/CodeIgniter.php(877): class_exists('\\App\\Controllers\\Home', true)
 5 SYSTEMPATH/CodeIgniter.php(469): CodeIgniter\CodeIgniter->startController()
 6 SYSTEMPATH/CodeIgniter.php(351): CodeIgniter\CodeIgniter->handleRequest(null, Object(Config\Cache), false)
 7 FCPATH/index.php(67): CodeIgniter\CodeIgniter->run()
 8 SYSTEMPATH/Commands/Server/rewrite.php(46): require_once('FCPATH/index.php')
CRITICAL - 2022-12-02 02:17:51 --> Undefined property: App\Controllers\Home::$twig
in APPPATH/Controllers/Home.php on line 14.
 1 APPPATH/Controllers/Home.php(14): CodeIgniter\Debug\Exceptions->errorHandler(2, 'Undefined property: App\\Controllers\\Home::$twig', 'APPPATH/Controllers/Home.php', 14)
 2 SYSTEMPATH/CodeIgniter.php(927): App\Controllers\Home->demo()
 3 SYSTEMPATH/CodeIgniter.php(482): CodeIgniter\CodeIgniter->runController(Object(App\Controllers\Home))
 4 SYSTEMPATH/CodeIgniter.php(351): CodeIgniter\CodeIgniter->handleRequest(null, Object(Config\Cache), false)
 5 FCPATH/index.php(67): CodeIgniter\CodeIgniter->run()
 6 SYSTEMPATH/Commands/Server/rewrite.php(46): require_once('FCPATH/index.php')
CRITICAL - 2022-12-02 02:31:12 --> Unable to find template " " (looked into: /Users/chwan/Desktop/repo/bbp/project-root/app/Config/../Views).
in VENDORPATH/twig/twig/src/Loader/FilesystemLoader.php on line 227.
 1 VENDORPATH/twig/twig/src/Loader/FilesystemLoader.php(131): Twig\Loader\FilesystemLoader->findTemplate(' ')
 2 VENDORPATH/twig/twig/src/Environment.php(261): Twig\Loader\FilesystemLoader->getCacheKey(' ')
 3 VENDORPATH/twig/twig/src/Environment.php(309): Twig\Environment->getTemplateClass(' ')
 4 APPPATH/Controllers/Home.php(14): Twig\Environment->load(' ')
 5 SYSTEMPATH/CodeIgniter.php(927): App\Controllers\Home->demo()
 6 SYSTEMPATH/CodeIgniter.php(482): CodeIgniter\CodeIgniter->runController(Object(App\Controllers\Home))
 7 SYSTEMPATH/CodeIgniter.php(351): CodeIgniter\CodeIgniter->handleRequest(null, Object(Config\Cache), false)
 8 FCPATH/index.php(67): CodeIgniter\CodeIgniter->run()
 9 SYSTEMPATH/Commands/Server/rewrite.php(46): require_once('FCPATH/index.php')
CRITICAL - 2022-12-02 02:54:07 --> Unable to find template "index" (looked into: /Users/chwan/Desktop/repo/bbp/project-root/app/Config/../Views).
in VENDORPATH/twig/twig/src/Loader/FilesystemLoader.php on line 227.
 1 VENDORPATH/twig/twig/src/Loader/FilesystemLoader.php(131): Twig\Loader\FilesystemLoader->findTemplate('index')
 2 VENDORPATH/twig/twig/src/Environment.php(261): Twig\Loader\FilesystemLoader->getCacheKey('index')
 3 VENDORPATH/twig/twig/src/Environment.php(309): Twig\Environment->getTemplateClass('index')
 4 APPPATH/Controllers/Home.php(14): Twig\Environment->load('index')
 5 SYSTEMPATH/CodeIgniter.php(927): App\Controllers\Home->demo()
 6 SYSTEMPATH/CodeIgniter.php(482): CodeIgniter\CodeIgniter->runController(Object(App\Controllers\Home))
 7 SYSTEMPATH/CodeIgniter.php(351): CodeIgniter\CodeIgniter->handleRequest(null, Object(Config\Cache), false)
 8 FCPATH/index.php(67): CodeIgniter\CodeIgniter->run()
 9 SYSTEMPATH/Commands/Server/rewrite.php(46): require_once('FCPATH/index.php')
CRITICAL - 2022-12-02 02:56:24 --> log(): Argument #1 ($num) must be of type float, string given
in APPPATH/Controllers/Home.php on line 17.
 1 APPPATH/Controllers/Home.php(17): log('ROOTPATH/public')
 2 SYSTEMPATH/CodeIgniter.php(927): App\Controllers\Home->demo()
 3 SYSTEMPATH/CodeIgniter.php(482): CodeIgniter\CodeIgniter->runController(Object(App\Controllers\Home))
 4 SYSTEMPATH/CodeIgniter.php(351): CodeIgniter\CodeIgniter->handleRequest(null, Object(Config\Cache), false)
 5 FCPATH/index.php(67): CodeIgniter\CodeIgniter->run()
 6 SYSTEMPATH/Commands/Server/rewrite.php(46): require_once('FCPATH/index.php')
CRITICAL - 2022-12-02 03:08:20 --> Unable to find template "index.html" (looked into: /Users/chwan/Desktop/repo/bbp/project-root/app/Config/../Views).
in VENDORPATH/twig/twig/src/Loader/FilesystemLoader.php on line 227.
 1 VENDORPATH/twig/twig/src/Loader/FilesystemLoader.php(131): Twig\Loader\FilesystemLoader->findTemplate('index.html')
 2 VENDORPATH/twig/twig/src/Environment.php(261): Twig\Loader\FilesystemLoader->getCacheKey('index.html')
 3 VENDORPATH/twig/twig/src/Environment.php(309): Twig\Environment->getTemplateClass('index.html')
 4 APPPATH/Controllers/Home.php(14): Twig\Environment->load('index.html')
 5 SYSTEMPATH/CodeIgniter.php(927): App\Controllers\Home->demo()
 6 SYSTEMPATH/CodeIgniter.php(482): CodeIgniter\CodeIgniter->runController(Object(App\Controllers\Home))
 7 SYSTEMPATH/CodeIgniter.php(351): CodeIgniter\CodeIgniter->handleRequest(null, Object(Config\Cache), false)
 8 FCPATH/index.php(67): CodeIgniter\CodeIgniter->run()
 9 SYSTEMPATH/Commands/Server/rewrite.php(46): require_once('FCPATH/index.php')
